-------------------------------------------------------------------------------
Test set: com.kp.first.junit.FirstTest
-------------------------------------------------------------------------------
Tests run: 8, Failures: 1, Errors: 0, Skipped: 2, Time elapsed: 1.078 s <<< FAILURE! - in com.kp.first.junit.FirstTest
timeoutExceededWithPreemptiveTermination  Time elapsed: 0.048 s  <<< FAILURE!
org.opentest4j.AssertionFailedError: execution timed out after 10 ms
	at com.kp.first.junit.FirstTest.timeoutExceededWithPreemptiveTermination(FirstTest.java:114)

