<?xml version="1.0" encoding="UTF-8"?>
<testsuite xmlns:xsi="http://www.w3.org/2001/XMLSchema-instance" xsi:noNamespaceSchemaLocation="https://maven.apache.org/surefire/maven-surefire-plugin/xsd/surefire-test-report.xsd" name="com.kp.first.junit.FirstTest" time="1.583" tests="8" errors="0" skipped="2" failures="1">
  <properties>
[...]
</properties>
  <testcase name="exceptionTesting" classname="com.kp.first.junit.FirstTest" time="0.006"/>
  <testcase name="groupedAssertions" classname="com.kp.first.junit.FirstTest" time="0.002"/>
  <testcase name="timeoutExceededWithPreemptiveTermination" classname="com.kp.first.junit.FirstTest" time="0.03">
    <failure message="execution timed out after 10 ms" type="org.opentest4j.AssertionFailedError">org.opentest4j.AssertionFailedError: execution timed out after 10 ms
	at com.kp.first.junit.FirstTest.timeoutExceededWithPreemptiveTermination(FirstTest.java:114)
</failure>
    <system-out><![CDATA[Before Test
After Test
]]></system-out>
  </testcase>
  <testcase name="dependentAssertions" classname="com.kp.first.junit.FirstTest" time="0.007"/>
  <testcase name="succeedingTest" classname="com.kp.first.junit.FirstTest" time="0.002"/>
  <testcase name="failingTest" classname="com.kp.first.junit.FirstTest" time="0">
    <skipped message="void com.kp.first.junit.FirstTest.failingTest() is @Disabled"/>
  </testcase>
  <testcase name="timeoutNotExceeded" classname="com.kp.first.junit.FirstTest" time="1.001"/>
  <testcase name="skippedTest" classname="com.kp.first.junit.FirstTest" time="0">
    <skipped message="for demonstration purposes"/>
  </testcase>
</testsuite>